[32mOwner has execute permission for run.sh[0m
[32mOwner has execute permission for log.sh[0m
[32mOwner has execute permission for filter.sh[0m
[32mThe 'nginx_network' network already exists.
[32mstarting server build
#0 building with "default" instance using docker driver

#1 [fluentd internal] load build definition from Dockerfile
#1 DONE 0.0s

#1 [fluentd internal] load build definition from Dockerfile
#1 transferring dockerfile: 641B done
#1 DONE 0.0s

#2 [server internal] load build definition from Dockerfile
#2 transferring dockerfile: 151B done
#2 DONE 0.0s

#3 [fluentd internal] load metadata for docker.io/fluent/fluentd:v1.16.3-debian-2.0
#3 ERROR: failed to do request: Head "https://registry-1.docker.io/v2/fluent/fluentd/manifests/v1.16.3-debian-2.0": dial tcp: lookup registry-1.docker.io: no such host

#4 [server internal] load metadata for docker.io/library/node:latest
#4 ERROR: failed to do request: Head "https://registry-1.docker.io/v2/library/node/manifests/latest": dial tcp: lookup registry-1.docker.io: no such host
------
 > [fluentd internal] load metadata for docker.io/fluent/fluentd:v1.16.3-debian-2.0:
------
------
 > [server internal] load metadata for docker.io/library/node:latest:
------
[32mstarting server in deattached mode
#0 building with "default" instance using docker driver

#1 [server internal] load build definition from Dockerfile
#1 transferring dockerfile: 151B done
#1 DONE 0.0s

#2 [fluentd internal] load build definition from Dockerfile
#2 transferring dockerfile: 641B done
#2 DONE 0.0s

#3 [server internal] load metadata for docker.io/library/node:latest
#3 ERROR: failed to do request: Head "https://registry-1.docker.io/v2/library/node/manifests/latest": dial tcp: lookup registry-1.docker.io: no such host

#4 [fluentd internal] load metadata for docker.io/fluent/fluentd:v1.16.3-debian-2.0
#4 ERROR: failed to do request: Head "https://registry-1.docker.io/v2/fluent/fluentd/manifests/v1.16.3-debian-2.0": dial tcp: lookup registry-1.docker.io: no such host
------
 > [server internal] load metadata for docker.io/library/node:latest:
------
------
 > [fluentd internal] load metadata for docker.io/fluent/fluentd:v1.16.3-debian-2.0:
------
[?1049h[22;0;0t[1;42r(B[m[4l[?7h[H[2J[42;186H\033[0;31mNo NGINX container found.
[H[2J[14;186H